This file contains any messages produced by compilers while
running configure, to aid debugging if configure makes a mistake.

It was created by MyGestures configure 3.0, which was
generated by GNU Autoconf 2.69.  Invocation command line was

  $ ./configure 

## --------- ##
## Platform. ##
## --------- ##

hostname = biglinux
uname -m = x86_64
uname -r = 5.4.0-26-generic
uname -s = Linux
uname -v = #30-Ubuntu SMP Mon Apr 20 16:58:30 UTC 2020

/usr/bin/uname -p = x86_64
/bin/uname -X     = unknown

/bin/arch              = x86_64
/usr/bin/arch -k       = unknown
/usr/convex/getsysinfo = unknown
/usr/bin/hostinfo      = unknown
/bin/machine           = unknown
/usr/bin/oslevel       = unknown
/bin/universe          = unknown

PATH: /usr/local/sbin
PATH: /usr/local/bin
PATH: /usr/sbin
PATH: /usr/bin
PATH: /bin
PATH: /usr/games
PATH: /sbin
PATH: /home/biglinux/bin


## ----------- ##
## Core tests. ##
## ----------- ##

configure:2307: checking for a BSD-compatible install
configure:2375: result: /usr/bin/install -c
configure:2386: checking whether build environment is sane
configure:2441: result: yes
configure:2590: checking for a thread-safe mkdir -p
configure:2629: result: /usr/bin/mkdir -p
configure:2636: checking for gawk
configure:2666: result: no
configure:2636: checking for mawk
configure:2652: found /usr/bin/mawk
configure:2663: result: mawk
configure:2674: checking whether make sets $(MAKE)
configure:2696: result: yes
configure:2725: checking whether make supports nested variables
configure:2742: result: yes
configure:2921: checking for gcc
configure:2937: found /usr/bin/gcc
configure:2948: result: gcc
configure:3177: checking for C compiler version
configure:3186: gcc --version >&5
gcc (Ubuntu 9.3.0-10ubuntu2) 9.3.0
Copyright (C) 2019 Free Software Foundation, Inc.
This is free software; see the source for copying conditions.  There is NO
warranty; not even for MERCHANTABILITY or FITNESS FOR A PARTICULAR PURPOSE.

configure:3197: $? = 0
configure:3186: gcc -v >&5
Using built-in specs.
COLLECT_GCC=gcc
COLLECT_LTO_WRAPPER=/usr/lib/gcc/x86_64-linux-gnu/9/lto-wrapper
OFFLOAD_TARGET_NAMES=nvptx-none:hsa
OFFLOAD_TARGET_DEFAULT=1
Target: x86_64-linux-gnu
Configured with: ../src/configure -v --with-pkgversion='Ubuntu 9.3.0-10ubuntu2' --with-bugurl=file:///usr/share/doc/gcc-9/README.Bugs --enable-languages=c,ada,c++,go,brig,d,fortran,objc,obj-c++,gm2 --prefix=/usr --with-gcc-major-version-only --program-suffix=-9 --program-prefix=x86_64-linux-gnu- --enable-shared --enable-linker-build-id --libexecdir=/usr/lib --without-included-gettext --enable-threads=posix --libdir=/usr/lib --enable-nls --enable-clocale=gnu --enable-libstdcxx-debug --enable-libstdcxx-time=yes --with-default-libstdcxx-abi=new --enable-gnu-unique-object --disable-vtable-verify --enable-plugin --enable-default-pie --with-system-zlib --with-target-system-zlib=auto --enable-objc-gc=auto --enable-multiarch --disable-werror --with-arch-32=i686 --with-abi=m64 --with-multilib-list=m32,m64,mx32 --enable-multilib --with-tune=generic --enable-offload-targets=nvptx-none,hsa --without-cuda-driver --enable-checking=release --build=x86_64-linux-gnu --host=x86_64-linux-gnu --target=x86_64-linux-gnu
Thread model: posix
gcc version 9.3.0 (Ubuntu 9.3.0-10ubuntu2) 
configure:3197: $? = 0
configure:3186: gcc -V >&5
gcc: error: unrecognized command line option '-V'
gcc: fatal error: no input files
compilation terminated.
configure:3197: $? = 1
configure:3186: gcc -qversion >&5
gcc: error: unrecognized command line option '-qversion'; did you mean '--version'?
gcc: fatal error: no input files
compilation terminated.
configure:3197: $? = 1
configure:3217: checking whether the C compiler works
configure:3239: gcc    conftest.c  >&5
configure:3243: $? = 0
configure:3291: result: yes
configure:3294: checking for C compiler default output file name
configure:3296: result: a.out
configure:3302: checking for suffix of executables
configure:3309: gcc -o conftest    conftest.c  >&5
configure:3313: $? = 0
configure:3335: result: 
configure:3357: checking whether we are cross compiling
configure:3365: gcc -o conftest    conftest.c  >&5
configure:3369: $? = 0
configure:3376: ./conftest
configure:3380: $? = 0
configure:3368: result: no
configure:3373: checking for suffix of object files
configure:3395: gcc -c   conftest.c >&5
configure:3399: $? = 0
configure:3420: result: o
configure:3424: checking whether we are using the GNU C compiler
configure:3443: gcc -c   conftest.c >&5
configure:3443: $? = 0
configure:3452: result: yes
configure:3461: checking whether gcc accepts -g
configure:3481: gcc -c -g  conftest.c >&5
configure:3481: $? = 0
configure:3522: result: yes
configure:3539: checking for gcc option to accept ISO C89
configure:3602: gcc  -c -g -O2  conftest.c >&5
configure:3602: $? = 0
configure:3615: result: none needed
configure:3640: checking whether gcc understands -c and -o together
configure:3662: gcc -c conftest.c -o conftest2.o
configure:3665: $? = 0
configure:3662: gcc -c conftest.c -o conftest2.o
configure:3665: $? = 0
configure:3677: result: yes
configure:3697: checking whether make supports the include directive
configure:3712: make -f confmf.GNU && cat confinc.out
this is the am__doit target
configure:3715: $? = 0
configure:3734: result: yes (GNU style)
configure:3759: checking dependency style of gcc
configure:3870: result: gcc3
configure:3941: checking for pkg-config
configure:3959: found /usr/bin/pkg-config
configure:3971: result: /usr/bin/pkg-config
configure:3996: checking pkg-config is at least version 0.9.0
configure:3999: result: yes
configure:4009: checking for X11
configure:4016: $PKG_CONFIG --exists --print-errors "x11"
configure:4019: $? = 0
configure:4033: $PKG_CONFIG --exists --print-errors "x11"
configure:4036: $? = 0
configure:4094: result: yes
configure:4100: checking for Xrender
configure:4107: $PKG_CONFIG --exists --print-errors "xrender"
configure:4110: $? = 0
configure:4124: $PKG_CONFIG --exists --print-errors "xrender"
configure:4127: $? = 0
configure:4185: result: yes
configure:4191: checking for Xtst
configure:4198: $PKG_CONFIG --exists --print-errors "xtst"
configure:4201: $? = 0
configure:4215: $PKG_CONFIG --exists --print-errors "xtst"
configure:4218: $? = 0
configure:4276: result: yes
configure:4282: checking for Xi
configure:4289: $PKG_CONFIG --exists --print-errors "xi"
configure:4292: $? = 0
configure:4306: $PKG_CONFIG --exists --print-errors "xi"
configure:4309: $? = 0
configure:4367: result: yes
configure:4373: checking for libXML
configure:4380: $PKG_CONFIG --exists --print-errors "libxml-2.0 >= 2.4"
configure:4383: $? = 0
configure:4397: $PKG_CONFIG --exists --print-errors "libxml-2.0 >= 2.4"
configure:4400: $? = 0
configure:4458: result: yes
configure:4464: checking for library containing shm_open
configure:4495: gcc -o conftest -g -O2   conftest.c  >&5
/usr/bin/ld: /tmp/user/999/ccueMmJC.o: in function `main':
/home/biglinux/mygestures/conftest.c:22: undefined reference to `shm_open'
collect2: error: ld returned 1 exit status
configure:4495: $? = 1
configure: failed program was:
| /* confdefs.h */
| #define PACKAGE_NAME "MyGestures"
| #define PACKAGE_TARNAME "mygestures"
| #define PACKAGE_VERSION "3.0"
| #define PACKAGE_STRING "MyGestures 3.0"
| #define PACKAGE_BUGREPORT "lucasdeters@gmail.com"
| #define PACKAGE_URL ""
| #define PACKAGE "mygestures"
| #define VERSION "3.0"
| /* end confdefs.h.  */
| 
| /* Override any GCC internal prototype to avoid an error.
|    Use char because int might match the return type of a GCC
|    builtin and then its argument prototype would still apply.  */
| #ifdef __cplusplus
| extern "C"
| #endif
| char shm_open ();
| int
| main ()
| {
| return shm_open ();
|   ;
|   return 0;
| }
configure:4495: gcc -o conftest -g -O2   conftest.c -lrt   >&5
configure:4495: $? = 0
configure:4512: result: -lrt
configure:4527: checking how to run the C preprocessor
configure:4558: gcc -E  conftest.c
configure:4558: $? = 0
configure:4572: gcc -E  conftest.c
conftest.c:11:10: fatal error: ac_nonexistent.h: No such file or directory
   11 | #include <ac_nonexistent.h>
      |          ^~~~~~~~~~~~~~~~~~
compilation terminated.
configure:4572: $? = 1
configure: failed program was:
| /* confdefs.h */
| #define PACKAGE_NAME "MyGestures"
| #define PACKAGE_TARNAME "mygestures"
| #define PACKAGE_VERSION "3.0"
| #define PACKAGE_STRING "MyGestures 3.0"
| #define PACKAGE_BUGREPORT "lucasdeters@gmail.com"
| #define PACKAGE_URL ""
| #define PACKAGE "mygestures"
| #define VERSION "3.0"
| /* end confdefs.h.  */
| #include <ac_nonexistent.h>
configure:4597: result: gcc -E
configure:4617: gcc -E  conftest.c
configure:4617: $? = 0
configure:4631: gcc -E  conftest.c
conftest.c:11:10: fatal error: ac_nonexistent.h: No such file or directory
   11 | #include <ac_nonexistent.h>
      |          ^~~~~~~~~~~~~~~~~~
compilation terminated.
configure:4631: $? = 1
configure: failed program was:
| /* confdefs.h */
| #define PACKAGE_NAME "MyGestures"
| #define PACKAGE_TARNAME "mygestures"
| #define PACKAGE_VERSION "3.0"
| #define PACKAGE_STRING "MyGestures 3.0"
| #define PACKAGE_BUGREPORT "lucasdeters@gmail.com"
| #define PACKAGE_URL ""
| #define PACKAGE "mygestures"
| #define VERSION "3.0"
| /* end confdefs.h.  */
| #include <ac_nonexistent.h>
configure:4660: checking for X
configure:4768: gcc -E  conftest.c
configure:4768: $? = 0
configure:4799: gcc -o conftest -g -O2   conftest.c -lX11 -lrt  >&5
configure:4799: $? = 0
configure:4849: result: libraries , headers 
configure:4853: checking for grep that handles long lines and -e
configure:4911: result: /usr/bin/grep
configure:4916: checking for egrep
configure:4978: result: /usr/bin/grep -E
configure:4983: checking for ANSI C header files
configure:5003: gcc -c -g -O2  conftest.c >&5
configure:5003: $? = 0
configure:5076: gcc -o conftest -g -O2   conftest.c -lrt  >&5
configure:5076: $? = 0
configure:5076: ./conftest
configure:5076: $? = 0
configure:5087: result: yes
configure:5100: checking for sys/types.h
configure:5100: gcc -c -g -O2  conftest.c >&5
configure:5100: $? = 0
configure:5100: result: yes
configure:5100: checking for sys/stat.h
configure:5100: gcc -c -g -O2  conftest.c >&5
configure:5100: $? = 0
configure:5100: result: yes
configure:5100: checking for stdlib.h
configure:5100: gcc -c -g -O2  conftest.c >&5
configure:5100: $? = 0
configure:5100: result: yes
configure:5100: checking for string.h
configure:5100: gcc -c -g -O2  conftest.c >&5
configure:5100: $? = 0
configure:5100: result: yes
configure:5100: checking for memory.h
configure:5100: gcc -c -g -O2  conftest.c >&5
configure:5100: $? = 0
configure:5100: result: yes
configure:5100: checking for strings.h
configure:5100: gcc -c -g -O2  conftest.c >&5
configure:5100: $? = 0
configure:5100: result: yes
configure:5100: checking for inttypes.h
configure:5100: gcc -c -g -O2  conftest.c >&5
configure:5100: $? = 0
configure:5100: result: yes
configure:5100: checking for stdint.h
configure:5100: gcc -c -g -O2  conftest.c >&5
configure:5100: $? = 0
configure:5100: result: yes
configure:5100: checking for unistd.h
configure:5100: gcc -c -g -O2  conftest.c >&5
configure:5100: $? = 0
configure:5100: result: yes
configure:5115: checking fcntl.h usability
configure:5115: gcc -c -g -O2  conftest.c >&5
configure:5115: $? = 0
configure:5115: result: yes
configure:5115: checking fcntl.h presence
configure:5115: gcc -E  conftest.c
configure:5115: $? = 0
configure:5115: result: yes
configure:5115: checking for fcntl.h
configure:5115: result: yes
configure:5115: checking for stdlib.h
configure:5115: result: yes
configure:5115: checking for string.h
configure:5115: result: yes
configure:5115: checking for strings.h
configure:5115: result: yes
configure:5115: checking for unistd.h
configure:5115: result: yes
configure:5127: checking for mode_t
configure:5127: gcc -c -g -O2  conftest.c >&5
configure:5127: $? = 0
configure:5127: gcc -c -g -O2  conftest.c >&5
conftest.c: In function 'main':
conftest.c:62:21: error: expected expression before ')' token
   62 | if (sizeof ((mode_t)))
      |                     ^
configure:5127: $? = 1
configure: failed program was:
| /* confdefs.h */
| #define PACKAGE_NAME "MyGestures"
| #define PACKAGE_TARNAME "mygestures"
| #define PACKAGE_VERSION "3.0"
| #define PACKAGE_STRING "MyGestures 3.0"
| #define PACKAGE_BUGREPORT "lucasdeters@gmail.com"
| #define PACKAGE_URL ""
| #define PACKAGE "mygestures"
| #define VERSION "3.0"
| #define STDC_HEADERS 1
| #define HAVE_SYS_TYPES_H 1
| #define HAVE_SYS_STAT_H 1
| #define HAVE_STDLIB_H 1
| #define HAVE_STRING_H 1
| #define HAVE_MEMORY_H 1
| #define HAVE_STRINGS_H 1
| #define HAVE_INTTYPES_H 1
| #define HAVE_STDINT_H 1
| #define HAVE_UNISTD_H 1
| #define HAVE_FCNTL_H 1
| #define HAVE_STDLIB_H 1
| #define HAVE_STRING_H 1
| #define HAVE_STRINGS_H 1
| #define HAVE_UNISTD_H 1
| /* end confdefs.h.  */
| #include <stdio.h>
| #ifdef HAVE_SYS_TYPES_H
| # include <sys/types.h>
| #endif
| #ifdef HAVE_SYS_STAT_H
| # include <sys/stat.h>
| #endif
| #ifdef STDC_HEADERS
| # include <stdlib.h>
| # include <stddef.h>
| #else
| # ifdef HAVE_STDLIB_H
| #  include <stdlib.h>
| # endif
| #endif
| #ifdef HAVE_STRING_H
| # if !defined STDC_HEADERS && defined HAVE_MEMORY_H
| #  include <memory.h>
| # endif
| # include <string.h>
| #endif
| #ifdef HAVE_STRINGS_H
| # include <strings.h>
| #endif
| #ifdef HAVE_INTTYPES_H
| # include <inttypes.h>
| #endif
| #ifdef HAVE_STDINT_H
| # include <stdint.h>
| #endif
| #ifdef HAVE_UNISTD_H
| # include <unistd.h>
| #endif
| int
| main ()
| {
| if (sizeof ((mode_t)))
| 	    return 0;
|   ;
|   return 0;
| }
configure:5127: result: yes
configure:5140: checking for pid_t
configure:5140: gcc -c -g -O2  conftest.c >&5
configure:5140: $? = 0
configure:5140: gcc -c -g -O2  conftest.c >&5
conftest.c: In function 'main':
conftest.c:62:20: error: expected expression before ')' token
   62 | if (sizeof ((pid_t)))
      |                    ^
configure:5140: $? = 1
configure: failed program was:
| /* confdefs.h */
| #define PACKAGE_NAME "MyGestures"
| #define PACKAGE_TARNAME "mygestures"
| #define PACKAGE_VERSION "3.0"
| #define PACKAGE_STRING "MyGestures 3.0"
| #define PACKAGE_BUGREPORT "lucasdeters@gmail.com"
| #define PACKAGE_URL ""
| #define PACKAGE "mygestures"
| #define VERSION "3.0"
| #define STDC_HEADERS 1
| #define HAVE_SYS_TYPES_H 1
| #define HAVE_SYS_STAT_H 1
| #define HAVE_STDLIB_H 1
| #define HAVE_STRING_H 1
| #define HAVE_MEMORY_H 1
| #define HAVE_STRINGS_H 1
| #define HAVE_INTTYPES_H 1
| #define HAVE_STDINT_H 1
| #define HAVE_UNISTD_H 1
| #define HAVE_FCNTL_H 1
| #define HAVE_STDLIB_H 1
| #define HAVE_STRING_H 1
| #define HAVE_STRINGS_H 1
| #define HAVE_UNISTD_H 1
| /* end confdefs.h.  */
| #include <stdio.h>
| #ifdef HAVE_SYS_TYPES_H
| # include <sys/types.h>
| #endif
| #ifdef HAVE_SYS_STAT_H
| # include <sys/stat.h>
| #endif
| #ifdef STDC_HEADERS
| # include <stdlib.h>
| # include <stddef.h>
| #else
| # ifdef HAVE_STDLIB_H
| #  include <stdlib.h>
| # endif
| #endif
| #ifdef HAVE_STRING_H
| # if !defined STDC_HEADERS && defined HAVE_MEMORY_H
| #  include <memory.h>
| # endif
| # include <string.h>
| #endif
| #ifdef HAVE_STRINGS_H
| # include <strings.h>
| #endif
| #ifdef HAVE_INTTYPES_H
| # include <inttypes.h>
| #endif
| #ifdef HAVE_STDINT_H
| # include <stdint.h>
| #endif
| #ifdef HAVE_UNISTD_H
| # include <unistd.h>
| #endif
| int
| main ()
| {
| if (sizeof ((pid_t)))
| 	    return 0;
|   ;
|   return 0;
| }
configure:5140: result: yes
configure:5153: checking vfork.h usability
configure:5153: gcc -c -g -O2  conftest.c >&5
conftest.c:59:10: fatal error: vfork.h: No such file or directory
   59 | #include <vfork.h>
      |          ^~~~~~~~~
compilation terminated.
configure:5153: $? = 1
configure: failed program was:
| /* confdefs.h */
| #define PACKAGE_NAME "MyGestures"
| #define PACKAGE_TARNAME "mygestures"
| #define PACKAGE_VERSION "3.0"
| #define PACKAGE_STRING "MyGestures 3.0"
| #define PACKAGE_BUGREPORT "lucasdeters@gmail.com"
| #define PACKAGE_URL ""
| #define PACKAGE "mygestures"
| #define VERSION "3.0"
| #define STDC_HEADERS 1
| #define HAVE_SYS_TYPES_H 1
| #define HAVE_SYS_STAT_H 1
| #define HAVE_STDLIB_H 1
| #define HAVE_STRING_H 1
| #define HAVE_MEMORY_H 1
| #define HAVE_STRINGS_H 1
| #define HAVE_INTTYPES_H 1
| #define HAVE_STDINT_H 1
| #define HAVE_UNISTD_H 1
| #define HAVE_FCNTL_H 1
| #define HAVE_STDLIB_H 1
| #define HAVE_STRING_H 1
| #define HAVE_STRINGS_H 1
| #define HAVE_UNISTD_H 1
| /* end confdefs.h.  */
| #include <stdio.h>
| #ifdef HAVE_SYS_TYPES_H
| # include <sys/types.h>
| #endif
| #ifdef HAVE_SYS_STAT_H
| # include <sys/stat.h>
| #endif
| #ifdef STDC_HEADERS
| # include <stdlib.h>
| # include <stddef.h>
| #else
| # ifdef HAVE_STDLIB_H
| #  include <stdlib.h>
| # endif
| #endif
| #ifdef HAVE_STRING_H
| # if !defined STDC_HEADERS && defined HAVE_MEMORY_H
| #  include <memory.h>
| # endif
| # include <string.h>
| #endif
| #ifdef HAVE_STRINGS_H
| # include <strings.h>
| #endif
| #ifdef HAVE_INTTYPES_H
| # include <inttypes.h>
| #endif
| #ifdef HAVE_STDINT_H
| # include <stdint.h>
| #endif
| #ifdef HAVE_UNISTD_H
| # include <unistd.h>
| #endif
| #include <vfork.h>
configure:5153: result: no
configure:5153: checking vfork.h presence
configure:5153: gcc -E  conftest.c
conftest.c:26:10: fatal error: vfork.h: No such file or directory
   26 | #include <vfork.h>
      |          ^~~~~~~~~
compilation terminated.
configure:5153: $? = 1
configure: failed program was:
| /* confdefs.h */
| #define PACKAGE_NAME "MyGestures"
| #define PACKAGE_TARNAME "mygestures"
| #define PACKAGE_VERSION "3.0"
| #define PACKAGE_STRING "MyGestures 3.0"
| #define PACKAGE_BUGREPORT "lucasdeters@gmail.com"
| #define PACKAGE_URL ""
| #define PACKAGE "mygestures"
| #define VERSION "3.0"
| #define STDC_HEADERS 1
| #define HAVE_SYS_TYPES_H 1
| #define HAVE_SYS_STAT_H 1
| #define HAVE_STDLIB_H 1
| #define HAVE_STRING_H 1
| #define HAVE_MEMORY_H 1
| #define HAVE_STRINGS_H 1
| #define HAVE_INTTYPES_H 1
| #define HAVE_STDINT_H 1
| #define HAVE_UNISTD_H 1
| #define HAVE_FCNTL_H 1
| #define HAVE_STDLIB_H 1
| #define HAVE_STRING_H 1
| #define HAVE_STRINGS_H 1
| #define HAVE_UNISTD_H 1
| /* end confdefs.h.  */
| #include <vfork.h>
configure:5153: result: no
configure:5153: checking for vfork.h
configure:5153: result: no
configure:5166: checking for fork
configure:5166: gcc -o conftest -g -O2   conftest.c -lrt  >&5
conftest.c:49:6: warning: conflicting types for built-in function 'fork'; expected 'int(void)' [-Wbuiltin-declaration-mismatch]
   49 | char fork ();
      |      ^~~~
configure:5166: $? = 0
configure:5166: result: yes
configure:5166: checking for vfork
configure:5166: gcc -o conftest -g -O2   conftest.c -lrt  >&5
configure:5166: $? = 0
configure:5166: result: yes
configure:5176: checking for working fork
configure:5198: gcc -o conftest -g -O2   conftest.c -lrt  >&5
configure:5198: $? = 0
configure:5198: ./conftest
configure:5198: $? = 0
configure:5208: result: yes
configure:5229: checking for working vfork
configure:5339: result: yes
configure:5366: checking for stdlib.h
configure:5366: result: yes
configure:5376: checking for GNU libc compatible malloc
configure:5400: gcc -o conftest -g -O2   conftest.c -lrt  >&5
configure:5400: $? = 0
configure:5400: ./conftest
configure:5400: $? = 0
configure:5410: result: yes
configure:5434: checking for bzero
configure:5434: gcc -o conftest -g -O2   conftest.c -lrt  >&5
conftest.c:55:6: warning: conflicting types for built-in function 'bzero'; expected 'void(void *, long unsigned int)' [-Wbuiltin-declaration-mismatch]
   55 | char bzero ();
      |      ^~~~~
configure:5434: $? = 0
configure:5434: result: yes
configure:5434: checking for memset
configure:5434: gcc -o conftest -g -O2   conftest.c -lrt  >&5
conftest.c:56:6: warning: conflicting types for built-in function 'memset'; expected 'void *(void *, int,  long unsigned int)' [-Wbuiltin-declaration-mismatch]
   56 | char memset ();
      |      ^~~~~~
conftest.c:44:1: note: 'memset' is declared in header '<string.h>'
   43 | # include <limits.h>
   44 | #else
configure:5434: $? = 0
configure:5434: result: yes
configure:5434: checking for mkdir
configure:5434: gcc -o conftest -g -O2   conftest.c -lrt  >&5
configure:5434: $? = 0
configure:5434: result: yes
configure:5434: checking for regcomp
configure:5434: gcc -o conftest -g -O2   conftest.c -lrt  >&5
configure:5434: $? = 0
configure:5434: result: yes
configure:5434: checking for strcasecmp
configure:5434: gcc -o conftest -g -O2   conftest.c -lrt  >&5
conftest.c:59:6: warning: conflicting types for built-in function 'strcasecmp'; expected 'int(const char *, const char *)' [-Wbuiltin-declaration-mismatch]
   59 | char strcasecmp ();
      |      ^~~~~~~~~~
configure:5434: $? = 0
configure:5434: result: yes
configure:5434: checking for strdup
configure:5434: gcc -o conftest -g -O2   conftest.c -lrt  >&5
conftest.c:60:6: warning: conflicting types for built-in function 'strdup'; expected 'char *(const char *)' [-Wbuiltin-declaration-mismatch]
   60 | char strdup ();
      |      ^~~~~~
configure:5434: $? = 0
configure:5434: result: yes
configure:5434: checking for strncasecmp
configure:5434: gcc -o conftest -g -O2   conftest.c -lrt  >&5
conftest.c:61:6: warning: conflicting types for built-in function 'strncasecmp'; expected 'int(const char *, const char *, long unsigned int)' [-Wbuiltin-declaration-mismatch]
   61 | char strncasecmp ();
      |      ^~~~~~~~~~~
configure:5434: $? = 0
configure:5434: result: yes
configure:5551: checking that generated files are newer than configure
configure:5557: result: done
configure:5580: creating ./config.status

## ---------------------- ##
## Running config.status. ##
## ---------------------- ##

This file was extended by MyGestures config.status 3.0, which was
generated by GNU Autoconf 2.69.  Invocation command line was

  CONFIG_FILES    = 
  CONFIG_HEADERS  = 
  CONFIG_LINKS    = 
  CONFIG_COMMANDS = 
  $ ./config.status 

on biglinux

config.status:882: creating Makefile
config.status:882: creating src/Makefile
config.status:882: creating src/config.h
config.status:1111: executing depfiles commands
config.status:1188: cd src       && sed -e '/# am--include-marker/d' Makefile         | make -f - am--depfiles
config.status:1193: $? = 0

## ---------------- ##
## Cache variables. ##
## ---------------- ##

ac_cv_c_compiler_gnu=yes
ac_cv_env_CC_set=
ac_cv_env_CC_value=
ac_cv_env_CFLAGS_set=
ac_cv_env_CFLAGS_value=
ac_cv_env_CPPFLAGS_set=
ac_cv_env_CPPFLAGS_value=
ac_cv_env_CPP_set=
ac_cv_env_CPP_value=
ac_cv_env_LDFLAGS_set=
ac_cv_env_LDFLAGS_value=
ac_cv_env_LIBS_set=
ac_cv_env_LIBS_value=
ac_cv_env_PKG_CONFIG_LIBDIR_set=
ac_cv_env_PKG_CONFIG_LIBDIR_value=
ac_cv_env_PKG_CONFIG_PATH_set=
ac_cv_env_PKG_CONFIG_PATH_value=
ac_cv_env_PKG_CONFIG_set=
ac_cv_env_PKG_CONFIG_value=
ac_cv_env_X11_CFLAGS_set=
ac_cv_env_X11_CFLAGS_value=
ac_cv_env_X11_LIBS_set=
ac_cv_env_X11_LIBS_value=
ac_cv_env_XMKMF_set=
ac_cv_env_XMKMF_value=
ac_cv_env_Xi_CFLAGS_set=
ac_cv_env_Xi_CFLAGS_value=
ac_cv_env_Xi_LIBS_set=
ac_cv_env_Xi_LIBS_value=
ac_cv_env_Xrender_CFLAGS_set=
ac_cv_env_Xrender_CFLAGS_value=
ac_cv_env_Xrender_LIBS_set=
ac_cv_env_Xrender_LIBS_value=
ac_cv_env_Xtst_CFLAGS_set=
ac_cv_env_Xtst_CFLAGS_value=
ac_cv_env_Xtst_LIBS_set=
ac_cv_env_Xtst_LIBS_value=
ac_cv_env_build_alias_set=
ac_cv_env_build_alias_value=
ac_cv_env_host_alias_set=
ac_cv_env_host_alias_value=
ac_cv_env_libXML_CFLAGS_set=
ac_cv_env_libXML_CFLAGS_value=
ac_cv_env_libXML_LIBS_set=
ac_cv_env_libXML_LIBS_value=
ac_cv_env_target_alias_set=
ac_cv_env_target_alias_value=
ac_cv_func_bzero=yes
ac_cv_func_fork=yes
ac_cv_func_fork_works=yes
ac_cv_func_malloc_0_nonnull=yes
ac_cv_func_memset=yes
ac_cv_func_mkdir=yes
ac_cv_func_regcomp=yes
ac_cv_func_strcasecmp=yes
ac_cv_func_strdup=yes
ac_cv_func_strncasecmp=yes
ac_cv_func_vfork=yes
ac_cv_func_vfork_works=yes
ac_cv_have_x='have_x=yes	ac_x_includes='\'''\''	ac_x_libraries='\'''\'''
ac_cv_header_fcntl_h=yes
ac_cv_header_inttypes_h=yes
ac_cv_header_memory_h=yes
ac_cv_header_stdc=yes
ac_cv_header_stdint_h=yes
ac_cv_header_stdlib_h=yes
ac_cv_header_string_h=yes
ac_cv_header_strings_h=yes
ac_cv_header_sys_stat_h=yes
ac_cv_header_sys_types_h=yes
ac_cv_header_unistd_h=yes
ac_cv_header_vfork_h=no
ac_cv_objext=o
ac_cv_path_EGREP='/usr/bin/grep -E'
ac_cv_path_GREP=/usr/bin/grep
ac_cv_path_ac_pt_PKG_CONFIG=/usr/bin/pkg-config
ac_cv_path_install='/usr/bin/install -c'
ac_cv_path_mkdir=/usr/bin/mkdir
ac_cv_prog_AWK=mawk
ac_cv_prog_CPP='gcc -E'
ac_cv_prog_ac_ct_CC=gcc
ac_cv_prog_cc_c89=
ac_cv_prog_cc_g=yes
ac_cv_prog_make_make_set=yes
ac_cv_search_shm_open=-lrt
ac_cv_type_mode_t=yes
ac_cv_type_pid_t=yes
am_cv_CC_dependencies_compiler_type=gcc3
am_cv_make_support_nested_variables=yes
am_cv_prog_cc_c_o=yes
pkg_cv_X11_CFLAGS=
pkg_cv_X11_LIBS=-lX11
pkg_cv_Xi_CFLAGS=
pkg_cv_Xi_LIBS=-lXi
pkg_cv_Xrender_CFLAGS=
pkg_cv_Xrender_LIBS='-lXrender -lX11'
pkg_cv_Xtst_CFLAGS=
pkg_cv_Xtst_LIBS=-lXtst
pkg_cv_libXML_CFLAGS=-I/usr/include/libxml2
pkg_cv_libXML_LIBS=-lxml2

## ----------------- ##
## Output variables. ##
## ----------------- ##

ACLOCAL='${SHELL} /home/biglinux/mygestures/missing aclocal-1.16'
AMDEPBACKSLASH='\'
AMDEP_FALSE='#'
AMDEP_TRUE=''
AMTAR='$${TAR-tar}'
AM_BACKSLASH='\'
AM_DEFAULT_V='$(AM_DEFAULT_VERBOSITY)'
AM_DEFAULT_VERBOSITY='1'
AM_V='$(V)'
AUTOCONF='${SHELL} /home/biglinux/mygestures/missing autoconf'
AUTOHEADER='${SHELL} /home/biglinux/mygestures/missing autoheader'
AUTOMAKE='${SHELL} /home/biglinux/mygestures/missing automake-1.16'
AWK='mawk'
CC='gcc'
CCDEPMODE='depmode=gcc3'
CFLAGS='-g -O2'
CPP='gcc -E'
CPPFLAGS=''
CYGPATH_W='echo'
DEFS='-DHAVE_CONFIG_H'
DEPDIR='.deps'
ECHO_C=''
ECHO_N='-n'
ECHO_T=''
EGREP='/usr/bin/grep -E'
EXEEXT=''
GREP='/usr/bin/grep'
INSTALL_DATA='${INSTALL} -m 644'
INSTALL_PROGRAM='${INSTALL}'
INSTALL_SCRIPT='${INSTALL}'
INSTALL_STRIP_PROGRAM='$(install_sh) -c -s'
LDFLAGS=''
LIBOBJS=''
LIBS='-lrt '
LTLIBOBJS=''
MAKEINFO='${SHELL} /home/biglinux/mygestures/missing makeinfo'
MKDIR_P='/usr/bin/mkdir -p'
OBJEXT='o'
PACKAGE='mygestures'
PACKAGE_BUGREPORT='lucasdeters@gmail.com'
PACKAGE_NAME='MyGestures'
PACKAGE_STRING='MyGestures 3.0'
PACKAGE_TARNAME='mygestures'
PACKAGE_URL=''
PACKAGE_VERSION='3.0'
PATH_SEPARATOR=':'
PKG_CONFIG='/usr/bin/pkg-config'
PKG_CONFIG_LIBDIR=''
PKG_CONFIG_PATH=''
SET_MAKE=''
SHELL='/bin/bash'
STRIP=''
VERSION='3.0'
X11_CFLAGS=''
X11_LIBS='-lX11'
XMKMF=''
Xi_CFLAGS=''
Xi_LIBS='-lXi'
Xrender_CFLAGS=''
Xrender_LIBS='-lXrender -lX11'
Xtst_CFLAGS=''
Xtst_LIBS='-lXtst'
ac_ct_CC='gcc'
am__EXEEXT_FALSE=''
am__EXEEXT_TRUE='#'
am__fastdepCC_FALSE='#'
am__fastdepCC_TRUE=''
am__include='include'
am__isrc=''
am__leading_dot='.'
am__nodep='_no'
am__quote=''
am__tar='$${TAR-tar} chof - "$$tardir"'
am__untar='$${TAR-tar} xf -'
bindir='${exec_prefix}/bin'
build_alias=''
datadir='${datarootdir}'
datarootdir='${prefix}/share'
docdir='${datarootdir}/doc/${PACKAGE_TARNAME}'
dvidir='${docdir}'
exec_prefix='${prefix}'
host_alias=''
htmldir='${docdir}'
includedir='${prefix}/include'
infodir='${datarootdir}/info'
install_sh='${SHELL} /home/biglinux/mygestures/install-sh'
libXML_CFLAGS='-I/usr/include/libxml2'
libXML_LIBS='-lxml2'
libdir='${exec_prefix}/lib'
libexecdir='${exec_prefix}/libexec'
localedir='${datarootdir}/locale'
localstatedir='${prefix}/var'
mandir='${datarootdir}/man'
mkdir_p='$(MKDIR_P)'
oldincludedir='/usr/include'
pdfdir='${docdir}'
prefix='/usr/local'
program_transform_name='s,x,x,'
psdir='${docdir}'
runstatedir='${localstatedir}/run'
sbindir='${exec_prefix}/sbin'
sharedstatedir='${prefix}/com'
sysconfdir='${prefix}/etc'
target_alias=''

## ----------- ##
## confdefs.h. ##
## ----------- ##

/* confdefs.h */
#define PACKAGE_NAME "MyGestures"
#define PACKAGE_TARNAME "mygestures"
#define PACKAGE_VERSION "3.0"
#define PACKAGE_STRING "MyGestures 3.0"
#define PACKAGE_BUGREPORT "lucasdeters@gmail.com"
#define PACKAGE_URL ""
#define PACKAGE "mygestures"
#define VERSION "3.0"
#define STDC_HEADERS 1
#define HAVE_SYS_TYPES_H 1
#define HAVE_SYS_STAT_H 1
#define HAVE_STDLIB_H 1
#define HAVE_STRING_H 1
#define HAVE_MEMORY_H 1
#define HAVE_STRINGS_H 1
#define HAVE_INTTYPES_H 1
#define HAVE_STDINT_H 1
#define HAVE_UNISTD_H 1
#define HAVE_FCNTL_H 1
#define HAVE_STDLIB_H 1
#define HAVE_STRING_H 1
#define HAVE_STRINGS_H 1
#define HAVE_UNISTD_H 1
#define HAVE_FORK 1
#define HAVE_VFORK 1
#define HAVE_WORKING_VFORK 1
#define HAVE_WORKING_FORK 1
#define HAVE_STDLIB_H 1
#define HAVE_MALLOC 1
#define HAVE_BZERO 1
#define HAVE_MEMSET 1
#define HAVE_MKDIR 1
#define HAVE_REGCOMP 1
#define HAVE_STRCASECMP 1
#define HAVE_STRDUP 1
#define HAVE_STRNCASECMP 1

configure: exit 0
